Determining if the pthread_create exist failed with the following output:
Change Dir: /home/pi/UAV_demo/build/CMakeFiles/CMakeTmp

Run Build Command:"/usr/bin/make" "cmTC_39397/fast"
/usr/bin/make -f CMakeFiles/cmTC_39397.dir/build.make CMakeFiles/cmTC_39397.dir/build
make[1]: Entering directory '/home/pi/UAV_demo/build/CMakeFiles/CMakeTmp'
Building C object CMakeFiles/cmTC_39397.dir/CheckSymbolExists.c.o
/usr/bin/cc    -o CMakeFiles/cmTC_39397.dir/CheckSymbolExists.c.o   -c /home/pi/UAV_demo/build/CMakeFiles/CMakeTmp/CheckSymbolExists.c
Linking C executable cmTC_39397
/usr/bin/cmake -E cmake_link_script CMakeFiles/cmTC_39397.dir/link.txt --verbose=1
/usr/bin/cc      -rdynamic CMakeFiles/cmTC_39397.dir/CheckSymbolExists.c.o  -o cmTC_39397 
/usr/bin/ld: CMakeFiles/cmTC_39397.dir/CheckSymbolExists.c.o: in function `main':
CheckSymbolExists.c:(.text+0x38): undefined reference to `pthread_create'
collect2: error: ld returned 1 exit status
make[1]: *** [CMakeFiles/cmTC_39397.dir/build.make:87: cmTC_39397] Error 1
make[1]: Leaving directory '/home/pi/UAV_demo/build/CMakeFiles/CMakeTmp'
make: *** [Makefile:121: cmTC_39397/fast] Error 2

File /home/pi/UAV_demo/build/CMakeFiles/CMakeTmp/CheckSymbolExists.c:
/* */
#include <pthread.h>

int main(int argc, char** argv)
{
  (void)argv;
#ifndef pthread_create
  return ((int*)(&pthread_create))[argc];
#else
  (void)argc;
  return 0;
#endif
}

Determining if the function pthread_create exists in the pthreads failed with the following output:
Change Dir: /home/pi/UAV_demo/build/CMakeFiles/CMakeTmp

Run Build Command:"/usr/bin/make" "cmTC_91974/fast"
/usr/bin/make -f CMakeFiles/cmTC_91974.dir/build.make CMakeFiles/cmTC_91974.dir/build
make[1]: Entering directory '/home/pi/UAV_demo/build/CMakeFiles/CMakeTmp'
Building C object CMakeFiles/cmTC_91974.dir/CheckFunctionExists.c.o
/usr/bin/cc   -DCHECK_FUNCTION_EXISTS=pthread_create   -o CMakeFiles/cmTC_91974.dir/CheckFunctionExists.c.o   -c /usr/share/cmake-3.13/Modules/CheckFunctionExists.c
Linking C executable cmTC_91974
/usr/bin/cmake -E cmake_link_script CMakeFiles/cmTC_91974.dir/link.txt --verbose=1
/usr/bin/cc  -DCHECK_FUNCTION_EXISTS=pthread_create    -rdynamic CMakeFiles/cmTC_91974.dir/CheckFunctionExists.c.o  -o cmTC_91974 -lpthreads 
/usr/bin/ld: cannot find -lpthreads
collect2: error: ld returned 1 exit status
make[1]: *** [CMakeFiles/cmTC_91974.dir/build.make:87: cmTC_91974] Error 1
make[1]: Leaving directory '/home/pi/UAV_demo/build/CMakeFiles/CMakeTmp'
make: *** [Makefile:121: cmTC_91974/fast] Error 2


